Tentando conectar ao MongoDB...

Tentando conectar ao Discord XP com MongoDB...


Database 1 connected  !


Database 2 connected !


Carregando, por favor aguarde...


Não modifique este bot por conta própria!!
Pergunte ao proprietário antes de fazê-lo..

🖥️ Hardware: 4 CPUs, 6GB RAM
⚙️ Configuração: 768MB alocados, 20 mensagens/usuário
Database 1 connected!
Database 2 connected!
 __   __ _    _  __    _      ____   ___ _____ 
 \ \ / // \  | |/ /   / \    | __ ) / _ \_   _|
  \ V // _ \ | ' /   / _ \   |  _ \| | | || |  
   | |/ ___ \| . \  / ___ \  | |_) | |_| || |  
   |_/_/   \_\_|\_\/_/   \_\ |____/ \___/ |_|  
                                               

==========================================
       ✅ CONECTADO COM SUCESSO!          
     Bot ativo e otimizado! .help         
==========================================

